  AIController.cpp
  Bullet.cpp
C:\Users\chris\Downloads\P22-PathFinding-version2\P22-PathFinding-version2\Bullet.cpp(15,23): warning C4018: '<': signed/unsigned mismatch
C:\Users\chris\Downloads\P22-PathFinding-version2\P22-PathFinding-version2\Bullet.cpp(23,23): warning C4018: '<': signed/unsigned mismatch
  main.cpp
C:\Users\chris\Downloads\P22-PathFinding-version2\P22-PathFinding-version2\main.cpp(86,23): warning C4018: '<': signed/unsigned mismatch
C:\Users\chris\Downloads\P22-PathFinding-version2\P22-PathFinding-version2\main.cpp(93,23): warning C4018: '<': signed/unsigned mismatch
C:\Users\chris\Downloads\P22-PathFinding-version2\P22-PathFinding-version2\main.cpp(97,27): warning C4018: '<': signed/unsigned mismatch
C:\Users\chris\Downloads\P22-PathFinding-version2\P22-PathFinding-version2\main.cpp(109,23): warning C4018: '<': signed/unsigned mismatch
  PlayerController.cpp
  Tank.cpp
  TankController.cpp
  TankMap.cpp
C:\Users\chris\Downloads\P22-PathFinding-version2\P22-PathFinding-version2\TankMap.cpp(42,11): warning C4244: 'initializing': conversion from 'T' to 'int', possible loss of data
          with
          [
              T=float
          ]
C:\Users\chris\Downloads\P22-PathFinding-version2\P22-PathFinding-version2\TankMap.cpp(43,11): warning C4244: 'initializing': conversion from 'T' to 'int', possible loss of data
          with
          [
              T=float
          ]
C:\Users\chris\Downloads\P22-PathFinding-version2\P22-PathFinding-version2\TankMap.cpp(101,11): warning C4244: 'initializing': conversion from 'T' to 'int', possible loss of data
          with
          [
              T=float
          ]
C:\Users\chris\Downloads\P22-PathFinding-version2\P22-PathFinding-version2\TankMap.cpp(102,11): warning C4244: 'initializing': conversion from 'T' to 'int', possible loss of data
          with
          [
              T=float
          ]
C:\Users\chris\Downloads\P22-PathFinding-version2\P22-PathFinding-version2\TankMap.cpp(128,11): warning C4244: 'initializing': conversion from 'T' to 'int', possible loss of data
          with
          [
              T=float
          ]
C:\Users\chris\Downloads\P22-PathFinding-version2\P22-PathFinding-version2\TankMap.cpp(129,11): warning C4244: 'initializing': conversion from 'T' to 'int', possible loss of data
          with
          [
              T=float
          ]
  Generating Code...
C:\Users\chris\Downloads\P22-PathFinding-version2\P22-PathFinding-version2\Tank.cpp(150): warning C4715: 'Tank::CheckGetHit': not all control paths return a value
  Tank Practice.vcxproj -> C:\Users\chris\OneDrive\Documents\GitHub\IGME209\Tank Practice\Debug\Tank Practice.exe
